[lrdn0030.leonardo.local:326832] MCW rank 0 bound to socket 0[core 0[hwt 0]], socket 0[core 1[hwt 0]], socket 0[core 2[hwt 0]], socket 0[core 3[hwt 0]], socket 0[core 4[hwt 0]], socket 0[core 5[hwt 0]], socket 0[core 6[hwt 0]], socket 0[core 7[hwt 0]]: [B/B/B/B/B/B/B/B/./././././././././././././././././././././././.]
[lrdn0030.leonardo.local:326832] MCW rank 1 bound to socket 0[core 8[hwt 0]], socket 0[core 9[hwt 0]], socket 0[core 10[hwt 0]], socket 0[core 11[hwt 0]], socket 0[core 12[hwt 0]], socket 0[core 13[hwt 0]], socket 0[core 14[hwt 0]], socket 0[core 15[hwt 0]]: [././././././././B/B/B/B/B/B/B/B/./././././././././././././././.]
[lrdn0030.leonardo.local:326832] MCW rank 2 bound to socket 0[core 16[hwt 0]], socket 0[core 17[hwt 0]], socket 0[core 18[hwt 0]], socket 0[core 19[hwt 0]], socket 0[core 20[hwt 0]], socket 0[core 21[hwt 0]], socket 0[core 22[hwt 0]], socket 0[core 23[hwt 0]]: [././././././././././././././././B/B/B/B/B/B/B/B/./././././././.]
[lrdn0030.leonardo.local:326832] MCW rank 3 bound to socket 0[core 24[hwt 0]], socket 0[core 25[hwt 0]], socket 0[core 26[hwt 0]], socket 0[core 27[hwt 0]], socket 0[core 28[hwt 0]], socket 0[core 29[hwt 0]], socket 0[core 30[hwt 0]], socket 0[core 31[hwt 0]]: [././././././././././././././././././././././././B/B/B/B/B/B/B/B]
[lrdn0065.leonardo.local:46177] MCW rank 8 bound to socket 0[core 0[hwt 0]], socket 0[core 1[hwt 0]], socket 0[core 2[hwt 0]], socket 0[core 3[hwt 0]], socket 0[core 4[hwt 0]], socket 0[core 5[hwt 0]], socket 0[core 6[hwt 0]], socket 0[core 7[hwt 0]]: [B/B/B/B/B/B/B/B/./././././././././././././././././././././././.]
[lrdn0065.leonardo.local:46177] MCW rank 9 bound to socket 0[core 8[hwt 0]], socket 0[core 9[hwt 0]], socket 0[core 10[hwt 0]], socket 0[core 11[hwt 0]], socket 0[core 12[hwt 0]], socket 0[core 13[hwt 0]], socket 0[core 14[hwt 0]], socket 0[core 15[hwt 0]]: [././././././././B/B/B/B/B/B/B/B/./././././././././././././././.]
[lrdn0065.leonardo.local:46177] MCW rank 10 bound to socket 0[core 16[hwt 0]], socket 0[core 17[hwt 0]], socket 0[core 18[hwt 0]], socket 0[core 19[hwt 0]], socket 0[core 20[hwt 0]], socket 0[core 21[hwt 0]], socket 0[core 22[hwt 0]], socket 0[core 23[hwt 0]]: [././././././././././././././././B/B/B/B/B/B/B/B/./././././././.]
[lrdn0065.leonardo.local:46177] MCW rank 11 bound to socket 0[core 24[hwt 0]], socket 0[core 25[hwt 0]], socket 0[core 26[hwt 0]], socket 0[core 27[hwt 0]], socket 0[core 28[hwt 0]], socket 0[core 29[hwt 0]], socket 0[core 30[hwt 0]], socket 0[core 31[hwt 0]]: [././././././././././././././././././././././././B/B/B/B/B/B/B/B]
[lrdn0086.leonardo.local:2972479] MCW rank 12 bound to socket 0[core 0[hwt 0]], socket 0[core 1[hwt 0]], socket 0[core 2[hwt 0]], socket 0[core 3[hwt 0]], socket 0[core 4[hwt 0]], socket 0[core 5[hwt 0]], socket 0[core 6[hwt 0]], socket 0[core 7[hwt 0]]: [B/B/B/B/B/B/B/B/./././././././././././././././././././././././.]
[lrdn0086.leonardo.local:2972479] MCW rank 13 bound to socket 0[core 8[hwt 0]], socket 0[core 9[hwt 0]], socket 0[core 10[hwt 0]], socket 0[core 11[hwt 0]], socket 0[core 12[hwt 0]], socket 0[core 13[hwt 0]], socket 0[core 14[hwt 0]], socket 0[core 15[hwt 0]]: [././././././././B/B/B/B/B/B/B/B/./././././././././././././././.]
[lrdn0048.leonardo.local:3021124] MCW rank 4 bound to socket 0[core 0[hwt 0]], socket 0[core 1[hwt 0]], socket 0[core 2[hwt 0]], socket 0[core 3[hwt 0]], socket 0[core 4[hwt 0]], socket 0[core 5[hwt 0]], socket 0[core 6[hwt 0]], socket 0[core 7[hwt 0]]: [B/B/B/B/B/B/B/B/./././././././././././././././././././././././.]
[lrdn0086.leonardo.local:2972479] MCW rank 14 bound to socket 0[core 16[hwt 0]], socket 0[core 17[hwt 0]], socket 0[core 18[hwt 0]], socket 0[core 19[hwt 0]], socket 0[core 20[hwt 0]], socket 0[core 21[hwt 0]], socket 0[core 22[hwt 0]], socket 0[core 23[hwt 0]]: [././././././././././././././././B/B/B/B/B/B/B/B/./././././././.]
[lrdn0048.leonardo.local:3021124] MCW rank 5 bound to socket 0[core 8[hwt 0]], socket 0[core 9[hwt 0]], socket 0[core 10[hwt 0]], socket 0[core 11[hwt 0]], socket 0[core 12[hwt 0]], socket 0[core 13[hwt 0]], socket 0[core 14[hwt 0]], socket 0[core 15[hwt 0]]: [././././././././B/B/B/B/B/B/B/B/./././././././././././././././.]
[lrdn0086.leonardo.local:2972479] MCW rank 15 bound to socket 0[core 24[hwt 0]], socket 0[core 25[hwt 0]], socket 0[core 26[hwt 0]], socket 0[core 27[hwt 0]], socket 0[core 28[hwt 0]], socket 0[core 29[hwt 0]], socket 0[core 30[hwt 0]], socket 0[core 31[hwt 0]]: [././././././././././././././././././././././././B/B/B/B/B/B/B/B]
[lrdn0048.leonardo.local:3021124] MCW rank 6 bound to socket 0[core 16[hwt 0]], socket 0[core 17[hwt 0]], socket 0[core 18[hwt 0]], socket 0[core 19[hwt 0]], socket 0[core 20[hwt 0]], socket 0[core 21[hwt 0]], socket 0[core 22[hwt 0]], socket 0[core 23[hwt 0]]: [././././././././././././././././B/B/B/B/B/B/B/B/./././././././.]
[lrdn0048.leonardo.local:3021124] MCW rank 7 bound to socket 0[core 24[hwt 0]], socket 0[core 25[hwt 0]], socket 0[core 26[hwt 0]], socket 0[core 27[hwt 0]], socket 0[core 28[hwt 0]], socket 0[core 29[hwt 0]], socket 0[core 30[hwt 0]], socket 0[core 31[hwt 0]]: [././././././././././././././././././././././././B/B/B/B/B/B/B/B]
/leonardo/prod/opt/libraries/cineca-ai/4.3.0/none/cineca-ai-env/lib/python3.11/site-packages/transformers/utils/generic.py:462: UserWarning: torch.utils._pytree._register_pytree_node is deprecated. Please use torch.utils._pytree.register_pytree_node instead.
  _torch_pytree._register_pytree_node(
/leonardo/prod/opt/libraries/cineca-ai/4.3.0/none/cineca-ai-env/lib/python3.11/site-packages/transformers/utils/generic.py:462: UserWarning: torch.utils._pytree._register_pytree_node is deprecated. Please use torch.utils._pytree.register_pytree_node instead.
  _torch_pytree._register_pytree_node(
/leonardo/prod/opt/libraries/cineca-ai/4.3.0/none/cineca-ai-env/lib/python3.11/site-packages/transformers/utils/generic.py:462: UserWarning: torch.utils._pytree._register_pytree_node is deprecated. Please use torch.utils._pytree.register_pytree_node instead.
  _torch_pytree._register_pytree_node(
/leonardo/prod/opt/libraries/cineca-ai/4.3.0/none/cineca-ai-env/lib/python3.11/site-packages/transformers/utils/generic.py:462: UserWarning: torch.utils._pytree._register_pytree_node is deprecated. Please use torch.utils._pytree.register_pytree_node instead.
  _torch_pytree._register_pytree_node(
/leonardo/prod/opt/libraries/cineca-ai/4.3.0/none/cineca-ai-env/lib/python3.11/site-packages/transformers/utils/generic.py:462: UserWarning: torch.utils._pytree._register_pytree_node is deprecated. Please use torch.utils._pytree.register_pytree_node instead.
  _torch_pytree._register_pytree_node(
/leonardo/prod/opt/libraries/cineca-ai/4.3.0/none/cineca-ai-env/lib/python3.11/site-packages/transformers/utils/generic.py:462: UserWarning: torch.utils._pytree._register_pytree_node is deprecated. Please use torch.utils._pytree.register_pytree_node instead.
  _torch_pytree._register_pytree_node(
/leonardo/prod/opt/libraries/cineca-ai/4.3.0/none/cineca-ai-env/lib/python3.11/site-packages/transformers/utils/generic.py:462: UserWarning: torch.utils._pytree._register_pytree_node is deprecated. Please use torch.utils._pytree.register_pytree_node instead.
  _torch_pytree._register_pytree_node(
/leonardo/prod/opt/libraries/cineca-ai/4.3.0/none/cineca-ai-env/lib/python3.11/site-packages/transformers/utils/generic.py:462: UserWarning: torch.utils._pytree._register_pytree_node is deprecated. Please use torch.utils._pytree.register_pytree_node instead.
  _torch_pytree._register_pytree_node(
/leonardo/prod/opt/libraries/cineca-ai/4.3.0/none/cineca-ai-env/lib/python3.11/site-packages/transformers/utils/generic.py:462: UserWarning: torch.utils._pytree._register_pytree_node is deprecated. Please use torch.utils._pytree.register_pytree_node instead.
  _torch_pytree._register_pytree_node(
/leonardo/prod/opt/libraries/cineca-ai/4.3.0/none/cineca-ai-env/lib/python3.11/site-packages/transformers/utils/generic.py:462: UserWarning: torch.utils._pytree._register_pytree_node is deprecated. Please use torch.utils._pytree.register_pytree_node instead.
  _torch_pytree._register_pytree_node(
/leonardo/prod/opt/libraries/cineca-ai/4.3.0/none/cineca-ai-env/lib/python3.11/site-packages/transformers/utils/generic.py:462: UserWarning: torch.utils._pytree._register_pytree_node is deprecated. Please use torch.utils._pytree.register_pytree_node instead.
  _torch_pytree._register_pytree_node(
/leonardo/prod/opt/libraries/cineca-ai/4.3.0/none/cineca-ai-env/lib/python3.11/site-packages/transformers/utils/generic.py:462: UserWarning: torch.utils._pytree._register_pytree_node is deprecated. Please use torch.utils._pytree.register_pytree_node instead.
  _torch_pytree._register_pytree_node(
/leonardo/prod/opt/libraries/cineca-ai/4.3.0/none/cineca-ai-env/lib/python3.11/site-packages/transformers/utils/generic.py:462: UserWarning: torch.utils._pytree._register_pytree_node is deprecated. Please use torch.utils._pytree.register_pytree_node instead.
  _torch_pytree._register_pytree_node(
/leonardo/prod/opt/libraries/cineca-ai/4.3.0/none/cineca-ai-env/lib/python3.11/site-packages/transformers/utils/generic.py:462: UserWarning: torch.utils._pytree._register_pytree_node is deprecated. Please use torch.utils._pytree.register_pytree_node instead.
  _torch_pytree._register_pytree_node(
/leonardo/prod/opt/libraries/cineca-ai/4.3.0/none/cineca-ai-env/lib/python3.11/site-packages/transformers/utils/generic.py:462: UserWarning: torch.utils._pytree._register_pytree_node is deprecated. Please use torch.utils._pytree.register_pytree_node instead.
  _torch_pytree._register_pytree_node(
/leonardo/prod/opt/libraries/cineca-ai/4.3.0/none/cineca-ai-env/lib/python3.11/site-packages/transformers/utils/generic.py:462: UserWarning: torch.utils._pytree._register_pytree_node is deprecated. Please use torch.utils._pytree.register_pytree_node instead.
  _torch_pytree._register_pytree_node(
Traceback (most recent call last):
  File "/leonardo/prod/opt/libraries/cineca-ai/4.3.0/none/cineca-ai-env/lib/python3.11/site-packages/torch/serialization.py", line 629, in save
    _save(obj, opened_zipfile, pickle_module, pickle_protocol, _disable_byteorder_record)
  File "/leonardo/prod/opt/libraries/cineca-ai/4.3.0/none/cineca-ai-env/lib/python3.11/site-packages/torch/serialization.py", line 863, in _save
    zip_file.write_record(name, storage.data_ptr(), num_bytes)
RuntimeError: [enforce fail at inline_container.cc:764] . PytorchStreamWriter failed writing file data/114: file write failed

During handling of the above exception, another exception occurred:

Traceback (most recent call last):
  File "<frozen runpy>", line 198, in _run_module_as_main
  File "<frozen runpy>", line 88, in _run_code
  File "/leonardo/home/userexternal/ddarmien/cyc-firstpass/src/cyclone_locator/train.py", line 437, in <module>
    main()
  File "/leonardo/home/userexternal/ddarmien/cyc-firstpass/src/cyclone_locator/train.py", line 402, in main
    torch.save({"model": model_to_save.state_dict(), "cfg": cfg}, best_target)
  File "/leonardo/prod/opt/libraries/cineca-ai/4.3.0/none/cineca-ai-env/lib/python3.11/site-packages/torch/serialization.py", line 628, in save
    with _open_zipfile_writer(f) as opened_zipfile:
  File "/leonardo/prod/opt/libraries/cineca-ai/4.3.0/none/cineca-ai-env/lib/python3.11/site-packages/torch/serialization.py", line 476, in __exit__
    self.file_like.write_end_of_file()
RuntimeError: [enforce fail at inline_container.cc:595] . unexpected pos 10040512 vs 10040408
[rank3]:[E ProcessGroupGloo.cpp:144] Rank 3 successfully reached monitoredBarrier, but received errors while waiting for send/recv from rank 0. Please check rank 0 logs for faulty rank.
[rank2]:[E ProcessGroupGloo.cpp:144] Rank 2 successfully reached monitoredBarrier, but received errors while waiting for send/recv from rank 0. Please check rank 0 logs for faulty rank.
[rank1]:[E ProcessGroupGloo.cpp:144] Rank 1 successfully reached monitoredBarrier, but received errors while waiting for send/recv from rank 0. Please check rank 0 logs for faulty rank.
[rank7]:[E ProcessGroupGloo.cpp:144] Rank 7 successfully reached monitoredBarrier, but received errors while waiting for send/recv from rank 0. Please check rank 0 logs for faulty rank.
[rank6]:[E ProcessGroupGloo.cpp:144] Rank 6 successfully reached monitoredBarrier, but received errors while waiting for send/recv from rank 0. Please check rank 0 logs for faulty rank.
[rank4]:[E ProcessGroupGloo.cpp:144] Rank 4 successfully reached monitoredBarrier, but received errors while waiting for send/recv from rank 0. Please check rank 0 logs for faulty rank.
[rank5]:[E ProcessGroupGloo.cpp:144] Rank 5 successfully reached monitoredBarrier, but received errors while waiting for send/recv from rank 0. Please check rank 0 logs for faulty rank.
[rank14]:[E ProcessGroupGloo.cpp:144] Rank 14 successfully reached monitoredBarrier, but received errors while waiting for send/recv from rank 0. Please check rank 0 logs for faulty rank.
[rank12]:[E ProcessGroupGloo.cpp:144] Rank 12 successfully reached monitoredBarrier, but received errors while waiting for send/recv from rank 0. Please check rank 0 logs for faulty rank.
[rank13]:[E ProcessGroupGloo.cpp:144] Rank 13 successfully reached monitoredBarrier, but received errors while waiting for send/recv from rank 0. Please check rank 0 logs for faulty rank.
[rank15]:[E ProcessGroupGloo.cpp:144] Rank 15 successfully reached monitoredBarrier, but received errors while waiting for send/recv from rank 0. Please check rank 0 logs for faulty rank.
[rank8]:[E ProcessGroupGloo.cpp:144] Rank 8 successfully reached monitoredBarrier, but received errors while waiting for send/recv from rank 0. Please check rank 0 logs for faulty rank.
[rank11]:[E ProcessGroupGloo.cpp:144] Rank 11 successfully reached monitoredBarrier, but received errors while waiting for send/recv from rank 0. Please check rank 0 logs for faulty rank.
[rank10]:[E ProcessGroupGloo.cpp:144] Rank 10 successfully reached monitoredBarrier, but received errors while waiting for send/recv from rank 0. Please check rank 0 logs for faulty rank.
[rank9]:[E ProcessGroupGloo.cpp:144] Rank 9 successfully reached monitoredBarrier, but received errors while waiting for send/recv from rank 0. Please check rank 0 logs for faulty rank.
Traceback (most recent call last):
Traceback (most recent call last):
Traceback (most recent call last):
  File "<frozen runpy>", line 198, in _run_module_as_main
  File "<frozen runpy>", line 198, in _run_module_as_main
  File "<frozen runpy>", line 88, in _run_code
  File "<frozen runpy>", line 198, in _run_module_as_main
  File "<frozen runpy>", line 88, in _run_code
  File "/leonardo/home/userexternal/ddarmien/cyc-firstpass/src/cyclone_locator/train.py", line 437, in <module>
  File "<frozen runpy>", line 88, in _run_code
  File "/leonardo/home/userexternal/ddarmien/cyc-firstpass/src/cyclone_locator/train.py", line 437, in <module>
  File "/leonardo/home/userexternal/ddarmien/cyc-firstpass/src/cyclone_locator/train.py", line 437, in <module>
    main()
  File "/leonardo/home/userexternal/ddarmien/cyc-firstpass/src/cyclone_locator/train.py", line 424, in main
    main()
  File "/leonardo/home/userexternal/ddarmien/cyc-firstpass/src/cyclone_locator/train.py", line 424, in main
    dist.barrier()
    main()
  File "/leonardo/prod/opt/libraries/cineca-ai/4.3.0/none/cineca-ai-env/lib/python3.11/site-packages/torch/distributed/c10d_logger.py", line 72, in wrapper
  File "/leonardo/home/userexternal/ddarmien/cyc-firstpass/src/cyclone_locator/train.py", line 424, in main
    dist.barrier()
  File "/leonardo/prod/opt/libraries/cineca-ai/4.3.0/none/cineca-ai-env/lib/python3.11/site-packages/torch/distributed/c10d_logger.py", line 72, in wrapper
    dist.barrier()
  File "/leonardo/prod/opt/libraries/cineca-ai/4.3.0/none/cineca-ai-env/lib/python3.11/site-packages/torch/distributed/c10d_logger.py", line 72, in wrapper
    return func(*args, **kwargs)
    return func(*args, **kwargs)
           ^^^^^^^^^^^^^^^^^^^^^
           ^^^^^^^^^^^^^^^^^^^^^
  File "/leonardo/prod/opt/libraries/cineca-ai/4.3.0/none/cineca-ai-env/lib/python3.11/site-packages/torch/distributed/distributed_c10d.py", line 3439, in barrier
  File "/leonardo/prod/opt/libraries/cineca-ai/4.3.0/none/cineca-ai-env/lib/python3.11/site-packages/torch/distributed/distributed_c10d.py", line 3439, in barrier
    return func(*args, **kwargs)
           ^^^^^^^^^^^^^^^^^^^^^
  File "/leonardo/prod/opt/libraries/cineca-ai/4.3.0/none/cineca-ai-env/lib/python3.11/site-packages/torch/distributed/distributed_c10d.py", line 3439, in barrier
    work = default_pg.barrier(opts=opts)
    work = default_pg.barrier(opts=opts)
           ^^^^^^^^^^^^^^^^^^^^^^^^^^^^^
           ^^^^^^^^^^^^^^^^^^^^^^^^^^^^^
RuntimeError: Rank 1 successfully reached monitoredBarrier, but received errors while waiting for send/recv from rank 0. Please check rank 0 logs for faulty rank.
 Original exception: 
[/leonardo/prod/build/libraries/cineca-ai/4.3.0/none/BA_WORK/cineca-ai-4.3.0/work-dir/000002/000000_cineca-ai/work/sources/pytorch/third_party/gloo/gloo/transport/tcp/pair.cc:534] Connection closed by peer [10.1.0.30]:40859
RuntimeError: Rank 2 successfully reached monitoredBarrier, but received errors while waiting for send/recv from rank 0. Please check rank 0 logs for faulty rank.
 Original exception: 
[/leonardo/prod/build/libraries/cineca-ai/4.3.0/none/BA_WORK/cineca-ai-4.3.0/work-dir/000002/000000_cineca-ai/work/sources/pytorch/third_party/gloo/gloo/transport/tcp/pair.cc:534] Connection closed by peer [10.1.0.30]:40859
    work = default_pg.barrier(opts=opts)
           ^^^^^^^^^^^^^^^^^^^^^^^^^^^^^
RuntimeError: Rank 3 successfully reached monitoredBarrier, but received errors while waiting for send/recv from rank 0. Please check rank 0 logs for faulty rank.
 Original exception: 
[/leonardo/prod/build/libraries/cineca-ai/4.3.0/none/BA_WORK/cineca-ai-4.3.0/work-dir/000002/000000_cineca-ai/work/sources/pytorch/third_party/gloo/gloo/transport/tcp/pair.cc:534] Connection closed by peer [10.1.0.30]:34977
Traceback (most recent call last):
Traceback (most recent call last):
  File "<frozen runpy>", line 198, in _run_module_as_main
  File "<frozen runpy>", line 88, in _run_code
Traceback (most recent call last):
  File "<frozen runpy>", line 198, in _run_module_as_main
  File "<frozen runpy>", line 88, in _run_code
  File "/leonardo/home/userexternal/ddarmien/cyc-firstpass/src/cyclone_locator/train.py", line 437, in <module>
Traceback (most recent call last):
  File "<frozen runpy>", line 198, in _run_module_as_main
  File "<frozen runpy>", line 88, in _run_code
  File "/leonardo/home/userexternal/ddarmien/cyc-firstpass/src/cyclone_locator/train.py", line 437, in <module>
  File "<frozen runpy>", line 198, in _run_module_as_main
  File "<frozen runpy>", line 88, in _run_code
  File "/leonardo/home/userexternal/ddarmien/cyc-firstpass/src/cyclone_locator/train.py", line 437, in <module>
  File "/leonardo/home/userexternal/ddarmien/cyc-firstpass/src/cyclone_locator/train.py", line 437, in <module>
    main()
    main()
  File "/leonardo/home/userexternal/ddarmien/cyc-firstpass/src/cyclone_locator/train.py", line 424, in main
  File "/leonardo/home/userexternal/ddarmien/cyc-firstpass/src/cyclone_locator/train.py", line 424, in main
    main()
  File "/leonardo/home/userexternal/ddarmien/cyc-firstpass/src/cyclone_locator/train.py", line 424, in main
    dist.barrier()
    dist.barrier()
    main()
  File "/leonardo/prod/opt/libraries/cineca-ai/4.3.0/none/cineca-ai-env/lib/python3.11/site-packages/torch/distributed/c10d_logger.py", line 72, in wrapper
  File "/leonardo/prod/opt/libraries/cineca-ai/4.3.0/none/cineca-ai-env/lib/python3.11/site-packages/torch/distributed/c10d_logger.py", line 72, in wrapper
  File "/leonardo/home/userexternal/ddarmien/cyc-firstpass/src/cyclone_locator/train.py", line 424, in main
    dist.barrier()
  File "/leonardo/prod/opt/libraries/cineca-ai/4.3.0/none/cineca-ai-env/lib/python3.11/site-packages/torch/distributed/c10d_logger.py", line 72, in wrapper
    dist.barrier()
  File "/leonardo/prod/opt/libraries/cineca-ai/4.3.0/none/cineca-ai-env/lib/python3.11/site-packages/torch/distributed/c10d_logger.py", line 72, in wrapper
    return func(*args, **kwargs)
    return func(*args, **kwargs)
    return func(*args, **kwargs)
           ^^^^^^^^^^^^^^^^^^^^^
  File "/leonardo/prod/opt/libraries/cineca-ai/4.3.0/none/cineca-ai-env/lib/python3.11/site-packages/torch/distributed/distributed_c10d.py", line 3439, in barrier
           ^^^^^^^^^^^^^^^^^^^^^
  File "/leonardo/prod/opt/libraries/cineca-ai/4.3.0/none/cineca-ai-env/lib/python3.11/site-packages/torch/distributed/distributed_c10d.py", line 3439, in barrier
           ^^^^^^^^^^^^^^^^^^^^^
  File "/leonardo/prod/opt/libraries/cineca-ai/4.3.0/none/cineca-ai-env/lib/python3.11/site-packages/torch/distributed/distributed_c10d.py", line 3439, in barrier
    return func(*args, **kwargs)
           ^^^^^^^^^^^^^^^^^^^^^
  File "/leonardo/prod/opt/libraries/cineca-ai/4.3.0/none/cineca-ai-env/lib/python3.11/site-packages/torch/distributed/distributed_c10d.py", line 3439, in barrier
Traceback (most recent call last):
Traceback (most recent call last):
  File "<frozen runpy>", line 198, in _run_module_as_main
Traceback (most recent call last):
  File "<frozen runpy>", line 198, in _run_module_as_main
  File "<frozen runpy>", line 88, in _run_code
Traceback (most recent call last):
  File "<frozen runpy>", line 198, in _run_module_as_main
  File "<frozen runpy>", line 88, in _run_code
  File "/leonardo/home/userexternal/ddarmien/cyc-firstpass/src/cyclone_locator/train.py", line 437, in <module>
  File "<frozen runpy>", line 198, in _run_module_as_main
  File "<frozen runpy>", line 88, in _run_code
  File "/leonardo/home/userexternal/ddarmien/cyc-firstpass/src/cyclone_locator/train.py", line 437, in <module>
  File "<frozen runpy>", line 88, in _run_code
  File "/leonardo/home/userexternal/ddarmien/cyc-firstpass/src/cyclone_locator/train.py", line 437, in <module>
  File "/leonardo/home/userexternal/ddarmien/cyc-firstpass/src/cyclone_locator/train.py", line 437, in <module>
    main()
Traceback (most recent call last):
Traceback (most recent call last):
  File "<frozen runpy>", line 198, in _run_module_as_main
Traceback (most recent call last):
  File "<frozen runpy>", line 198, in _run_module_as_main
  File "<frozen runpy>", line 88, in _run_code
    main()
  File "/leonardo/home/userexternal/ddarmien/cyc-firstpass/src/cyclone_locator/train.py", line 424, in main
  File "/leonardo/home/userexternal/ddarmien/cyc-firstpass/src/cyclone_locator/train.py", line 424, in main
    main()
Traceback (most recent call last):
  File "<frozen runpy>", line 198, in _run_module_as_main
  File "<frozen runpy>", line 88, in _run_code
  File "/leonardo/home/userexternal/ddarmien/cyc-firstpass/src/cyclone_locator/train.py", line 437, in <module>
  File "<frozen runpy>", line 198, in _run_module_as_main
  File "<frozen runpy>", line 88, in _run_code
  File "/leonardo/home/userexternal/ddarmien/cyc-firstpass/src/cyclone_locator/train.py", line 437, in <module>
  File "<frozen runpy>", line 88, in _run_code
  File "/leonardo/home/userexternal/ddarmien/cyc-firstpass/src/cyclone_locator/train.py", line 437, in <module>
  File "/leonardo/home/userexternal/ddarmien/cyc-firstpass/src/cyclone_locator/train.py", line 437, in <module>
  File "/leonardo/home/userexternal/ddarmien/cyc-firstpass/src/cyclone_locator/train.py", line 424, in main
    dist.barrier()
    dist.barrier()
    main()
  File "/leonardo/prod/opt/libraries/cineca-ai/4.3.0/none/cineca-ai-env/lib/python3.11/site-packages/torch/distributed/c10d_logger.py", line 72, in wrapper
  File "/leonardo/prod/opt/libraries/cineca-ai/4.3.0/none/cineca-ai-env/lib/python3.11/site-packages/torch/distributed/c10d_logger.py", line 72, in wrapper
  File "/leonardo/home/userexternal/ddarmien/cyc-firstpass/src/cyclone_locator/train.py", line 424, in main
    dist.barrier()
  File "/leonardo/prod/opt/libraries/cineca-ai/4.3.0/none/cineca-ai-env/lib/python3.11/site-packages/torch/distributed/c10d_logger.py", line 72, in wrapper
    dist.barrier()
  File "/leonardo/prod/opt/libraries/cineca-ai/4.3.0/none/cineca-ai-env/lib/python3.11/site-packages/torch/distributed/c10d_logger.py", line 72, in wrapper
    work = default_pg.barrier(opts=opts)
    work = default_pg.barrier(opts=opts)
    work = default_pg.barrier(opts=opts)
           ^^^^^^^^^^^^^^^^^^^^^^^^^^^^^
           ^^^^^^^^^^^^^^^^^^^^^^^^^^^^^
RuntimeError: Rank 14 successfully reached monitoredBarrier, but received errors while waiting for send/recv from rank 0. Please check rank 0 logs for faulty rank.
 Original exception: 
[/leonardo/prod/build/libraries/cineca-ai/4.3.0/none/BA_WORK/cineca-ai-4.3.0/work-dir/000002/000000_cineca-ai/work/sources/pytorch/third_party/gloo/gloo/transport/tcp/pair.cc:534] Connection closed by peer [10.1.0.30]:40859
           ^^^^^^^^^^^^^^^^^^^^^^^^^^^^^
RuntimeError: Rank 13 successfully reached monitoredBarrier, but received errors while waiting for send/recv from rank 0. Please check rank 0 logs for faulty rank.
 Original exception: 
[/leonardo/prod/build/libraries/cineca-ai/4.3.0/none/BA_WORK/cineca-ai-4.3.0/work-dir/000002/000000_cineca-ai/work/sources/pytorch/third_party/gloo/gloo/transport/tcp/pair.cc:534] Connection closed by peer [10.1.0.30]:40859
RuntimeError: Rank 12 successfully reached monitoredBarrier, but received errors while waiting for send/recv from rank 0. Please check rank 0 logs for faulty rank.
 Original exception: 
[/leonardo/prod/build/libraries/cineca-ai/4.3.0/none/BA_WORK/cineca-ai-4.3.0/work-dir/000002/000000_cineca-ai/work/sources/pytorch/third_party/gloo/gloo/transport/tcp/pair.cc:534] Connection closed by peer [10.1.0.30]:40859
    work = default_pg.barrier(opts=opts)
           ^^^^^^^^^^^^^^^^^^^^^^^^^^^^^
RuntimeError: Rank 15 successfully reached monitoredBarrier, but received errors while waiting for send/recv from rank 0. Please check rank 0 logs for faulty rank.
 Original exception: 
[/leonardo/prod/build/libraries/cineca-ai/4.3.0/none/BA_WORK/cineca-ai-4.3.0/work-dir/000002/000000_cineca-ai/work/sources/pytorch/third_party/gloo/gloo/transport/tcp/pair.cc:534] Connection closed by peer [10.1.0.30]:40859
    main()
    main()
  File "/leonardo/home/userexternal/ddarmien/cyc-firstpass/src/cyclone_locator/train.py", line 424, in main
  File "/leonardo/home/userexternal/ddarmien/cyc-firstpass/src/cyclone_locator/train.py", line 424, in main
    main()
  File "/leonardo/home/userexternal/ddarmien/cyc-firstpass/src/cyclone_locator/train.py", line 424, in main
    dist.barrier()
    dist.barrier()
  File "/leonardo/prod/opt/libraries/cineca-ai/4.3.0/none/cineca-ai-env/lib/python3.11/site-packages/torch/distributed/c10d_logger.py", line 72, in wrapper
    return func(*args, **kwargs)
  File "/leonardo/prod/opt/libraries/cineca-ai/4.3.0/none/cineca-ai-env/lib/python3.11/site-packages/torch/distributed/c10d_logger.py", line 72, in wrapper
    main()
    return func(*args, **kwargs)
  File "/leonardo/home/userexternal/ddarmien/cyc-firstpass/src/cyclone_locator/train.py", line 424, in main
    return func(*args, **kwargs)
    dist.barrier()
           ^^^^^^^^^^^^^^^^^^^^^
  File "/leonardo/prod/opt/libraries/cineca-ai/4.3.0/none/cineca-ai-env/lib/python3.11/site-packages/torch/distributed/distributed_c10d.py", line 3439, in barrier
  File "/leonardo/prod/opt/libraries/cineca-ai/4.3.0/none/cineca-ai-env/lib/python3.11/site-packages/torch/distributed/c10d_logger.py", line 72, in wrapper
           ^^^^^^^^^^^^^^^^^^^^^
  File "/leonardo/prod/opt/libraries/cineca-ai/4.3.0/none/cineca-ai-env/lib/python3.11/site-packages/torch/distributed/distributed_c10d.py", line 3439, in barrier
           ^^^^^^^^^^^^^^^^^^^^^
  File "/leonardo/prod/opt/libraries/cineca-ai/4.3.0/none/cineca-ai-env/lib/python3.11/site-packages/torch/distributed/distributed_c10d.py", line 3439, in barrier
    return func(*args, **kwargs)
           ^^^^^^^^^^^^^^^^^^^^^
  File "/leonardo/prod/opt/libraries/cineca-ai/4.3.0/none/cineca-ai-env/lib/python3.11/site-packages/torch/distributed/distributed_c10d.py", line 3439, in barrier
    dist.barrier()
  File "/leonardo/prod/opt/libraries/cineca-ai/4.3.0/none/cineca-ai-env/lib/python3.11/site-packages/torch/distributed/c10d_logger.py", line 72, in wrapper
    return func(*args, **kwargs)
    return func(*args, **kwargs)
    return func(*args, **kwargs)
           ^^^^^^^^^^^^^^^^^^^^^
  File "/leonardo/prod/opt/libraries/cineca-ai/4.3.0/none/cineca-ai-env/lib/python3.11/site-packages/torch/distributed/distributed_c10d.py", line 3439, in barrier
           ^^^^^^^^^^^^^^^^^^^^^
  File "/leonardo/prod/opt/libraries/cineca-ai/4.3.0/none/cineca-ai-env/lib/python3.11/site-packages/torch/distributed/distributed_c10d.py", line 3439, in barrier
           ^^^^^^^^^^^^^^^^^^^^^
  File "/leonardo/prod/opt/libraries/cineca-ai/4.3.0/none/cineca-ai-env/lib/python3.11/site-packages/torch/distributed/distributed_c10d.py", line 3439, in barrier
    return func(*args, **kwargs)
           ^^^^^^^^^^^^^^^^^^^^^
  File "/leonardo/prod/opt/libraries/cineca-ai/4.3.0/none/cineca-ai-env/lib/python3.11/site-packages/torch/distributed/distributed_c10d.py", line 3439, in barrier
    work = default_pg.barrier(opts=opts)
    work = default_pg.barrier(opts=opts)
    work = default_pg.barrier(opts=opts)
           ^^^^^^^^^^^^^^^^^^^^^^^^^^^^^
RuntimeError: Rank 9 successfully reached monitoredBarrier, but received errors while waiting for send/recv from rank 0. Please check rank 0 logs for faulty rank.
 Original exception: 
[/leonardo/prod/build/libraries/cineca-ai/4.3.0/none/BA_WORK/cineca-ai-4.3.0/work-dir/000002/000000_cineca-ai/work/sources/pytorch/third_party/gloo/gloo/transport/tcp/pair.cc:534] Connection closed by peer [10.1.0.30]:40859
           ^^^^^^^^^^^^^^^^^^^^^^^^^^^^^
RuntimeError: Rank 11 successfully reached monitoredBarrier, but received errors while waiting for send/recv from rank 0. Please check rank 0 logs for faulty rank.
 Original exception: 
[/leonardo/prod/build/libraries/cineca-ai/4.3.0/none/BA_WORK/cineca-ai-4.3.0/work-dir/000002/000000_cineca-ai/work/sources/pytorch/third_party/gloo/gloo/transport/tcp/pair.cc:534] Connection closed by peer [10.1.0.30]:40859
           ^^^^^^^^^^^^^^^^^^^^^^^^^^^^^
RuntimeError: Rank 10 successfully reached monitoredBarrier, but received errors while waiting for send/recv from rank 0. Please check rank 0 logs for faulty rank.
 Original exception: 
[/leonardo/prod/build/libraries/cineca-ai/4.3.0/none/BA_WORK/cineca-ai-4.3.0/work-dir/000002/000000_cineca-ai/work/sources/pytorch/third_party/gloo/gloo/transport/tcp/pair.cc:534] Connection closed by peer [10.1.0.30]:40859
    work = default_pg.barrier(opts=opts)
           ^^^^^^^^^^^^^^^^^^^^^^^^^^^^^
RuntimeError: Rank 8 successfully reached monitoredBarrier, but received errors while waiting for send/recv from rank 0. Please check rank 0 logs for faulty rank.
 Original exception: 
[/leonardo/prod/build/libraries/cineca-ai/4.3.0/none/BA_WORK/cineca-ai-4.3.0/work-dir/000002/000000_cineca-ai/work/sources/pytorch/third_party/gloo/gloo/transport/tcp/pair.cc:534] Connection closed by peer [10.1.0.30]:40859
    work = default_pg.barrier(opts=opts)
    work = default_pg.barrier(opts=opts)
    work = default_pg.barrier(opts=opts)
           ^^^^^^^^^^^^^^^^^^^^^^^^^^^^^
RuntimeError: Rank 7 successfully reached monitoredBarrier, but received errors while waiting for send/recv from rank 0. Please check rank 0 logs for faulty rank.
 Original exception: 
[/leonardo/prod/build/libraries/cineca-ai/4.3.0/none/BA_WORK/cineca-ai-4.3.0/work-dir/000002/000000_cineca-ai/work/sources/pytorch/third_party/gloo/gloo/transport/tcp/pair.cc:534] Connection closed by peer [10.1.0.30]:40859
           ^^^^^^^^^^^^^^^^^^^^^^^^^^^^^
RuntimeError: Rank 6 successfully reached monitoredBarrier, but received errors while waiting for send/recv from rank 0. Please check rank 0 logs for faulty rank.
 Original exception: 
[/leonardo/prod/build/libraries/cineca-ai/4.3.0/none/BA_WORK/cineca-ai-4.3.0/work-dir/000002/000000_cineca-ai/work/sources/pytorch/third_party/gloo/gloo/transport/tcp/pair.cc:534] Connection closed by peer [10.1.0.30]:40859
           ^^^^^^^^^^^^^^^^^^^^^^^^^^^^^
RuntimeError: Rank 4 successfully reached monitoredBarrier, but received errors while waiting for send/recv from rank 0. Please check rank 0 logs for faulty rank.
 Original exception: 
[/leonardo/prod/build/libraries/cineca-ai/4.3.0/none/BA_WORK/cineca-ai-4.3.0/work-dir/000002/000000_cineca-ai/work/sources/pytorch/third_party/gloo/gloo/transport/tcp/pair.cc:534] Connection closed by peer [10.1.0.30]:40859
    work = default_pg.barrier(opts=opts)
           ^^^^^^^^^^^^^^^^^^^^^^^^^^^^^
RuntimeError: Rank 5 successfully reached monitoredBarrier, but received errors while waiting for send/recv from rank 0. Please check rank 0 logs for faulty rank.
 Original exception: 
[/leonardo/prod/build/libraries/cineca-ai/4.3.0/none/BA_WORK/cineca-ai-4.3.0/work-dir/000002/000000_cineca-ai/work/sources/pytorch/third_party/gloo/gloo/transport/tcp/pair.cc:534] Connection closed by peer [10.1.0.30]:40859
--------------------------------------------------------------------------
Primary job  terminated normally, but 1 process returned
a non-zero exit code. Per user-direction, the job has been aborted.
--------------------------------------------------------------------------
--------------------------------------------------------------------------
mpirun detected that one or more processes exited with non-zero status, thus causing
the job to be terminated. The first process to do so was:

  Process name: [[33110,1],0]
  Exit code:    1
--------------------------------------------------------------------------
