[ARGS] windows_csv=mini_data_input/medicanes_new_windows.csv src=/leonardo_scratch/fast/IscrC_SAME-D/Medicanes_Data/from_gcloud out_dir=/leonardo_scratch/fast/IscrC_SAME-D/Medicanes_Data/from_gcloud/resized-stretched image_size=224 resize_mode=stretch buffer_hours=96.0 recurse=True preserve_structure=False workers=20 dry_run=False time_regex=\d{4}[-_]?(\d{2})[-_]?(\d{2})[T _-]?(\d{2})[-_:]?(\d{2}) strptime=['yyyy-MM-ddTHH-mm', 'yyyy-MM-dd_HH-mm', 'yyyy-MM-dd HH-mm', 'yyyyMMdd_HHmm', 'yyyyMMddHHmm'] csv_strptime=['yyyy-MM-dd HH:mm', 'yyyy-MM-ddTHH:mm', 'yyyy/MM/dd HH:mm'] exts=['.bmp', '.jpeg', '.jpg', '.png', '.tif', '.tiff'] meta_csv=manifests/letterbox_meta.csv manifest_csv=/leonardo_scratch/fast/IscrC_SAME-D/Medicanes_Data/from_gcloud/resized-stretched/manifest_letterboxed.csv images_root=/leonardo_scratch/fast/IscrC_SAME-D/Medicanes_Data/from_gcloud/resized-stretched
[SCAN] scanned 5000 files so far...
[SCAN] scanned 10000 files so far...
[SCAN] scanned 15000 files so far...
[SCAN] scanned 20000 files so far...
[SCAN] scanned 25000 files so far...
[SCAN] scanned 30000 files so far...
[SCAN] scanned 35000 files so far...
[SCAN] scanned 40000 files so far...
[SCAN] scanned 45000 files so far...
[SCAN] scanned 50000 files so far...
[SCAN] scanned 55000 files so far...
[SCAN] scanned 60000 files so far...
[SCAN] scanned 65000 files so far...
[SCAN] scanned 70000 files so far...
[SCAN] scanned 75000 files so far...
[SCAN] scanned 80000 files so far...
[SCAN] scanned 85000 files so far...
[SCAN] scanned 90000 files so far...
[SCAN] scanned 95000 files so far...
[SCAN] scanned 100000 files so far...
[SCAN] scanned 105000 files so far...
[SCAN] scanned 110000 files so far...
[SCAN] scanned 115000 files so far...
[SCAN] scanned 120000 files so far...
[SCAN] scanned 125000 files so far...
[SCAN] scanned 130000 files so far...
[SCAN] scanned 135000 files so far...
[SCAN] scanned 140000 files so far...
[SCAN] scanned 145000 files so far...
[SCAN] scanned 150000 files so far...
[SCAN] scanned 155000 files so far...
[SCAN] scanned 160000 files so far...
[SCAN] scanned 165000 files so far...
[SCAN] scanned 170000 files so far...
[SCAN] scanned 175000 files so far...
[SCAN] scanned 180000 files so far...
[SCAN] scanned 185000 files so far...
[SCAN] scanned 190000 files so far...
[SCAN] scanned 195000 files so far...
[SCAN] scanned 200000 files so far...
[SCAN] scanned 205000 files so far...
[SCAN] scanned 210000 files so far...
[SCAN] scanned 215000 files so far...
[SCAN] scanned 220000 files so far...
[SCAN] scanned 225000 files so far...
[SCAN] scanned 230000 files so far...
[SCAN] scanned 235000 files so far...
[SCAN] scanned 240000 files so far...
[SCAN] scanned 245000 files so far...
[SCAN] scanned 250000 files so far...
[SCAN] scanned 255000 files so far...
[SCAN] scanned 260000 files so far...
[SCAN] scanned 265000 files so far...
[SCAN] scanned 270000 files so far...
[SCAN] scanned 275000 files so far...
[SCAN] scanned 280000 files so far...
[SCAN] scanned 285000 files so far...
[SCAN] scanned 290000 files so far...
[SCAN] scanned 295000 files so far...
[SCAN] scanned 300000 files so far...
[SCAN] scanned 305000 files so far...
[SCAN] scanned 310000 files so far...
[SCAN] scanned 315000 files so far...
[SCAN] scanned 320000 files so far...
[SCAN] scanned 325000 files so far...
[SCAN] scanned 330000 files so far...
[SCAN] scanned 335000 files so far...
[SCAN] scanned 340000 files so far...
[SCAN] scanned 345000 files so far...
[SCAN] scanned 350000 files so far...
[SCAN] scanned 355000 files so far...
[SCAN] scanned 360000 files so far...
[SCAN] scanned 365000 files so far...
[SCAN] scanned 370000 files so far...
[SCAN] scanned 375000 files so far...
[SCAN] scanned 380000 files so far...
[SCAN] scanned 385000 files so far...
[SCAN] scanned 390000 files so far...
[SCAN] scanned 395000 files so far...
[SCAN] scanned 400000 files so far...
[SCAN] scanned 405000 files so far...
[SCAN] scanned 410000 files so far...
[SCAN] scanned 415000 files so far...
[SCAN] scanned 420000 files so far...
[SCAN] scanned 425000 files so far...
[SCAN] scanned 430000 files so far...
[SCAN] scanned 435000 files so far...
[SCAN] scanned 440000 files so far...
[SCAN] scanned 445000 files so far...
[SCAN] scanned 450000 files so far...
[SCAN] scanned 455000 files so far...
[SCAN] scanned 460000 files so far...
[SCAN] scanned 465000 files so far...
[SCAN] scanned 470000 files so far...
[SCAN] scanned 475000 files so far...
[SCAN] scanned 480000 files so far...
[SCAN] scanned 485000 files so far...
[SCAN] scanned 490000 files so far...
[SCAN] scanned 495000 files so far...
[SCAN] scanned 500000 files so far...
[SCAN] scanned 505000 files so far...
[SCAN] scanned 510000 files so far...
[SCAN] scanned 515000 files so far...
[SCAN] scanned 520000 files so far...
[SCAN] scanned 525000 files so far...
[SCAN] scanned 530000 files so far...
[SCAN] scanned 535000 files so far...
[SCAN] scanned 540000 files so far...
[SCAN] scanned 545000 files so far...
[SCAN] scanned 550000 files so far...
[SCAN] scanned 555000 files so far...
[SCAN] scanned 560000 files so far...
[SCAN] scanned 565000 files so far...
[SCAN] scanned 570000 files so far...
[SCAN] scanned 575000 files so far...
[SCAN] scanned 580000 files so far...
[SCAN] scanned 585000 files so far...
[SCAN] scanned 590000 files so far...
[SCAN] scanned 595000 files so far...
[SCAN] scanned 600000 files so far...
[SCAN] scanned 605000 files so far...
[SCAN] scanned 610000 files so far...
[SCAN] scanned 615000 files so far...
[SCAN] scanned 620000 files so far...
[SCAN] scanned 625000 files so far...
[SCAN] scanned 630000 files so far...
[SCAN] scanned 635000 files so far...
[SCAN] scanned 640000 files so far...
[SCAN] scanned 645000 files so far...
[SCAN] scanned 650000 files so far...
[SCAN] scanned 655000 files so far...
[SCAN] scanned 660000 files so far...
[SCAN] scanned 665000 files so far...
[SCAN] scanned 670000 files so far...
[SCAN] scanned 675000 files so far...
[SCAN] scanned 680000 files so far...
[SCAN] scanned 685000 files so far...
[SCAN] scanned 690000 files so far...
[SCAN] scanned 695000 files so far...
[SCAN] scanned 700000 files so far...
[SCAN] scanned 705000 files so far...
[SCAN] scanned 710000 files so far...
[SCAN] scanned 715000 files so far...
[SCAN] scanned 720000 files so far...
[SCAN] scanned 725000 files so far...
[SCAN] scanned 730000 files so far...
[SCAN] scanned 735000 files so far...
[SCAN] scanned 740000 files so far...
[SCAN] scanned 745000 files so far...
[SCAN] scanned 750000 files so far...
[SCAN] scanned 755000 files so far...
[SCAN] scanned 760000 files so far...
[SCAN] scanned 765000 files so far...
[SCAN] scanned 770000 files so far...
[SCAN] scanned 775000 files so far...
[SCAN] scanned 780000 files so far...
[SCAN] scanned 785000 files so far...
[SCAN] scanned 790000 files so far...
[SCAN] scanned 795000 files so far...
[SCAN] scanned 800000 files so far...
[SCAN] scanned 805000 files so far...
[SCAN] scanned 810000 files so far...
[SCAN] scanned 815000 files so far...
[SCAN] scanned 820000 files so far...
[SCAN] scanned 825000 files so far...
[SCAN] scanned 830000 files so far...
[SCAN] scanned 835000 files so far...
[SCAN] scanned 840000 files so far...
[SCAN] scanned 845000 files so far...
[SCAN] scanned 850000 files so far...
[SCAN] scanned 855000 files so far...
[SCAN] scanned 860000 files so far...
[SCAN] scanned 865000 files so far...
[SCAN] scanned 870000 files so far...
[SCAN] scanned 875000 files so far...
[SCAN] scanned 880000 files so far...
[SCAN] scanned 885000 files so far...
[SCAN] scanned 890000 files so far...
[SCAN] scanned 895000 files so far...
[SCAN] scanned 900000 files so far...
[SCAN] scanned 905000 files so far...
[SCAN] scanned 910000 files so far...
[SCAN] scanned 915000 files so far...
[SCAN] scanned 920000 files so far...
[SCAN] scanned 925000 files so far...
[SCAN] scanned 930000 files so far...
[SCAN] scanned 935000 files so far...
[SCAN] scanned 940000 files so far...
[SCAN] scanned 945000 files so far...
[INFO] scanned 947164 files; planned 127878 to process.
[WRITE] completed 5000 / 127878
[WRITE] completed 10000 / 127878
[WRITE] completed 15000 / 127878
[WRITE] completed 20000 / 127878
[WRITE] completed 25000 / 127878
[WRITE] completed 30000 / 127878
[WRITE] completed 35000 / 127878
[WRITE] completed 40000 / 127878
[WRITE] completed 45000 / 127878
[WRITE] completed 50000 / 127878
[WRITE] completed 55000 / 127878
[WRITE] completed 60000 / 127878
[WRITE] completed 65000 / 127878
[WRITE] completed 70000 / 127878
[WRITE] completed 75000 / 127878
[WRITE] completed 80000 / 127878
[WRITE] completed 85000 / 127878
[WRITE] completed 90000 / 127878
[WRITE] completed 95000 / 127878
[WRITE] completed 100000 / 127878
[WRITE] completed 105000 / 127878
[WRITE] completed 110000 / 127878
[WRITE] completed 115000 / 127878
[WRITE] completed 120000 / 127878
[WRITE] completed 125000 / 127878
Planned 127878; wrote 127878 manifest rows.
Pos 30022 / Neg 97856; written 16963, dry-run 0, errors 6.
Letterboxed images under: /leonardo_scratch/fast/IscrC_SAME-D/Medicanes_Data/from_gcloud/resized-stretched
letterbox_meta: manifests/letterbox_meta.csv
manifest:      /leonardo_scratch/fast/IscrC_SAME-D/Medicanes_Data/from_gcloud/resized-stretched/manifest_letterboxed.csv
